生成启动时间为 2014/2/9 16:20:35。
     1>项目“D:\Research\Matting\Bayesian_Matting\Bayesian_Matting\Bayesian_Matting.vcxproj”在节点 2 上(Rebuild 个目标)。
     1>ClCompile:
         C:\Program Files (x86)\Microsoft Visual Studio 11.0\VC\bin\CL.exe /c /ID:\SDK\OpenCV\include /Zi /nologo /W3 /WX- /O2 /Oi /Oy- /GL /D WIN32 /D NDEBUG /D _CONSOLE /D _CRT_SECURE_NO_WARNINGS /D _UNICODE /D UNICODE /Gm- /EHsc /MD /GS /Gy /fp:precise /Zc:wchar_t /Zc:forScope /Fo"Release\\" /Fd"Release\vc110.pdb" /Gd /TP /analyze- /errorReport:prompt bayesian.cpp Cluster.cpp main.cpp
         bayesian.cpp
         Cluster.cpp
         main.cpp
         C:\Program Files (x86)\Microsoft Visual Studio 11.0\VC\bin\CL.exe /c /ID:\SDK\OpenCV\include /Zi /nologo /W3 /WX- /O2 /Oi /Oy- /GL /D WIN32 /D NDEBUG /D _CONSOLE /D _CRT_SECURE_NO_WARNINGS /D _UNICODE /D UNICODE /Gm- /EHsc /MD /GS /Gy /fp:precise /Zc:wchar_t /Zc:forScope /Fo"Release\\" /Fd"Release\vc110.pdb" /Gd /TC /analyze- /errorReport:prompt getopt.c
         getopt.c
       Link:
         C:\Program Files (x86)\Microsoft Visual Studio 11.0\VC\bin\link.exe /ERRORREPORT:PROMPT /OUT:"D:\Research\Matting\Bayesian_Matting\Release\Bayesian_Matting.exe" /INCREMENTAL:NO /NOLOGO /LIBPATH:D:\SDK\OpenCV\x86\vc11\lib opencv_core248.lib opencv_imgproc248.lib opencv_highgui248.lib kernel32.lib user32.lib gdi32.lib winspool.lib comdlg32.lib advapi32.lib shell32.lib ole32.lib oleaut32.lib uuid.lib odbc32.lib odbccp32.lib /MANIFEST /MANIFESTUAC:"level='asInvoker' uiAccess='false'" /manifest:embed /DEBUG /PDB:"D:\Research\Matting\Bayesian_Matting\Release\Bayesian_Matting.pdb" /SUBSYSTEM:CONSOLE /OPT:REF /OPT:ICF /LTCG /TLBID:1 /DYNAMICBASE /NXCOMPAT /IMPLIB:"D:\Research\Matting\Bayesian_Matting\Release\Bayesian_Matting.lib" /MACHINE:X86 /SAFESEH Release\bayesian.obj
         Release\Cluster.obj
         Release\getopt.obj
         Release\main.obj
         正在生成代码
         已完成代码的生成
         Bayesian_Matting.vcxproj -> D:\Research\Matting\Bayesian_Matting\Release\Bayesian_Matting.exe
     1>已完成生成项目“D:\Research\Matting\Bayesian_Matting\Bayesian_Matting\Bayesian_Matting.vcxproj”(Rebuild 个目标)的操作。

生成成功。

已用时间 00:00:04.48
